[backblue.gif]
[fade.gif]
[index.html]
[ajax.googleapis.com/ajax/libs/jquery/3.5.1/jquery.min.js]
[pzee5.herokuapp.com/favicon/apple-icon-57x57.png]
[pzee5.herokuapp.com/favicon/apple-icon-60x60.png]
[pzee5.herokuapp.com/favicon/apple-icon-72x72.png]
[pzee5.herokuapp.com/favicon/apple-icon-76x76.png]
[pzee5.herokuapp.com/favicon/apple-icon-114x114.png]
[pzee5.herokuapp.com/favicon/apple-icon-120x120.png]
[pzee5.herokuapp.com/favicon/apple-icon-144x144.png]
[pzee5.herokuapp.com/favicon/apple-icon-152x152.png]
[pzee5.herokuapp.com/favicon/apple-icon-180x180.png]
[pzee5.herokuapp.com/favicon/android-icon-192x192.png]
[pzee5.herokuapp.com/favicon/favicon-32x32.png]
[pzee5.herokuapp.com/favicon/favicon-96x96.png]
[pzee5.herokuapp.com/favicon/favicon-16x16.png]
[pzee5.herokuapp.com/favicon/manifest.json]
[pzee5.herokuapp.com/img/zee5.png]
[pzee5.herokuapp.com/index.html]
[pzee5.herokuapp.com/style.css]
[pzee5.herokuapp.com/index-2.html]
